<?xml version="1.0" encoding="UTF-8"?>
<!-- Generated by org.testng.reporters.JUnitXMLReporter -->
<testsuite hostname="SRAVANTHIT" name="testNGgroupTest" tests="4" failures="0" timestamp="26 May 2019 05:27:22 GMT" time="0.075" errors="0">
  <testcase name="f" time="0.024" classname="selenium.maven.testNGgroupTest"/>
  <testcase name="f1" time="0.001" classname="selenium.maven.testNGgroupTest"/>
  <testcase name="g1" time="0.001" classname="selenium.maven.testNGgroupTest"/>
  <testcase name="g" time="0.004" classname="selenium.maven.testNGgroupTest"/>
</testsuite> <!-- testNGgroupTest -->
