<?xml version="1.0" encoding="UTF-8"?>
<testng-results skipped="0" failed="0" total="1" passed="1">
  <reporter-output>
  </reporter-output>
  <suite name="Default suite" duration-ms="23741" started-at="2019-06-23T09:37:06Z" finished-at="2019-06-23T09:37:29Z">
    <groups>
    </groups>
    <test name="Default test" duration-ms="23741" started-at="2019-06-23T09:37:06Z" finished-at="2019-06-23T09:37:29Z">
      <class name="Popuphandling.AuthenticationPopUpTest">
        <test-method status="PASS" signature="f()[pri:0, instance:Popuphandling.AuthenticationPopUpTest@ea4a92b]" name="f" duration-ms="23690" started-at="2019-06-23T15:07:06Z" finished-at="2019-06-23T15:07:29Z">
          <reporter-output>
          </reporter-output>
        </test-method> <!-- f -->
      </class> <!-- Popuphandling.AuthenticationPopUpTest -->
    </test> <!-- Default test -->
  </suite> <!-- Default suite -->
</testng-results>
