<?xml version="1.0" encoding="UTF-8"?>
<testng-results skipped="0" failed="0" total="1" passed="1">
  <reporter-output>
  </reporter-output>
  <suite name="Default suite" duration-ms="12150" started-at="2019-06-10T17:15:45Z" finished-at="2019-06-10T17:15:57Z">
    <groups>
    </groups>
    <test name="Default test" duration-ms="12150" started-at="2019-06-10T17:15:45Z" finished-at="2019-06-10T17:15:57Z">
      <class name="selenium.maven.ChromeheadlessTest">
        <test-method status="PASS" signature="beforeClass()[pri:0, instance:selenium.maven.ChromeheadlessTest@35851384]" name="beforeClass" is-config="true" duration-ms="6201" started-at="2019-06-10T22:45:45Z" finished-at="2019-06-10T22:45:51Z">
          <reporter-output>
          </reporter-output>
        </test-method> <!-- beforeClass -->
        <test-method status="PASS" signature="f()[pri:0, instance:selenium.maven.ChromeheadlessTest@35851384]" name="f" duration-ms="5039" started-at="2019-06-10T22:45:51Z" finished-at="2019-06-10T22:45:56Z">
          <reporter-output>
          </reporter-output>
        </test-method> <!-- f -->
        <test-method status="PASS" signature="afterClass()[pri:0, instance:selenium.maven.ChromeheadlessTest@35851384]" name="afterClass" is-config="true" duration-ms="889" started-at="2019-06-10T22:45:56Z" finished-at="2019-06-10T22:45:57Z">
          <reporter-output>
          </reporter-output>
        </test-method> <!-- afterClass -->
      </class> <!-- selenium.maven.ChromeheadlessTest -->
    </test> <!-- Default test -->
  </suite> <!-- Default suite -->
</testng-results>
